<?xml version="1.0" encoding="UTF-8"?>
<!-- Generated by org.testng.reporters.JUnitReportReporter -->
<testsuite hostname="LAPTOP-DHEU5ST3" failures="0" tests="1" name="com.testingshastra.regression.BTest" time="0.013" errors="0" timestamp="2023-10-04T14:05:46 IST" skipped="0">
  <testcase classname="com.testingshastra.regression.BTest" name="M6" time="0.013"/>
</testsuite> <!-- com.testingshastra.regression.BTest -->
