<?xml version="1.0" encoding="UTF-8"?>
<!-- Generated by org.testng.reporters.JUnitReportReporter -->
<testsuite hostname="LAPTOP-DHEU5ST3" failures="0" tests="1" name="com.testingshastra.regression.DemoTestcase" time="0.009" errors="0" timestamp="2023-09-26T14:11:54 IST" skipped="0">
  <testcase classname="com.testingshastra.regression.DemoTestcase" name="verifySearchResultsArePopulatingCorrectResultsMenSneakers" time="0.009"/>
  <system-out/>
</testsuite> <!-- com.testingshastra.regression.DemoTestcase -->
